# JRE version: OpenJDK Runtime Environment (11.0.16+8) (build 11.0.16+8-post-Ubuntu-0ubuntu122.04)
# Java VM: OpenJDK 64-Bit Server VM (11.0.16+8-post-Ubuntu-0ubuntu122.04, mixed mode, sharing, tiered, compressed oops, g1 gc, linux-amd64)
Heap:
 garbage-first heap   total 321536K, used 81464K [0x0000000707800000, 0x0000000800000000)
  region size 1024K, 53 young (54272K), 13 survivors (13312K)
 Metaspace       used 53536K, capacity 54250K, committed 54912K, reserved 1097728K
  class space    used 6424K, capacity 6726K, committed 6784K, reserved 1048576K
GC Heap History (12 events):
Event: 0,553 GC heap before
{Heap before GC invocations=0 (full 0):
 garbage-first heap   total 258048K, used 28364K [0x0000000707800000, 0x0000000800000000)
  region size 1024K, 24 young (24576K), 0 survivors (0K)
 Metaspace       used 6890K, capacity 9891K, committed 9984K, reserved 1058816K
  class space    used 695K, capacity 976K, committed 1024K, reserved 1048576K
}
Event: 0,561 GC heap after
{Heap after GC invocations=1 (full 0):
 garbage-first heap   total 258048K, used 6275K [0x0000000707800000, 0x0000000800000000)
  region size 1024K, 3 young (3072K), 3 survivors (3072K)
 Metaspace       used 6890K, capacity 9891K, committed 9984K, reserved 1058816K
  class space    used 695K, capacity 976K, committed 1024K, reserved 1048576K
}
Event: 1,628 GC heap before
{Heap before GC invocations=1 (full 0):
 garbage-first heap   total 258048K, used 63619K [0x0000000707800000, 0x0000000800000000)
  region size 1024K, 57 young (58368K), 3 survivors (3072K)
 Metaspace       used 19928K, capacity 21030K, committed 21248K, reserved 1069056K
  class space    used 2276K, capacity 2457K, committed 2560K, reserved 1048576K
}
Event: 1,645 GC heap after
{Heap after GC invocations=2 (full 0):
 garbage-first heap   total 258048K, used 14373K [0x0000000707800000, 0x0000000800000000)
  region size 1024K, 8 young (8192K), 8 survivors (8192K)
 Metaspace       used 19928K, capacity 21030K, committed 21248K, reserved 1069056K
  class space    used 2276K, capacity 2457K, committed 2560K, reserved 1048576K
}
Event: 2,732 GC heap before
{Heap before GC invocations=3 (full 0):
 garbage-first heap   total 258048K, used 84005K [0x0000000707800000, 0x0000000800000000)
  region size 1024K, 74 young (75776K), 8 survivors (8192K)
 Metaspace       used 32551K, capacity 33395K, committed 33792K, reserved 1079296K
  class space    used 4112K, capacity 4316K, committed 4352K, reserved 1048576K
}
Event: 2,754 GC heap after
{Heap after GC invocations=4 (full 0):
 garbage-first heap   total 258048K, used 22780K [0x0000000707800000, 0x0000000800000000)
  region size 1024K, 10 young (10240K), 10 survivors (10240K)
 Metaspace       used 32551K, capacity 33395K, committed 33792K, reserved 1079296K
  class space    used 4112K, capacity 4316K, committed 4352K, reserved 1048576K
}
Event: 2,904 GC heap before
{Heap before GC invocations=4 (full 0):
 garbage-first heap   total 258048K, used 29948K [0x0000000707800000, 0x0000000800000000)
  region size 1024K, 18 young (18432K), 10 survivors (10240K)
 Metaspace       used 34580K, capacity 35353K, committed 35840K, reserved 1081344K
  class space    used 4341K, capacity 4542K, committed 4608K, reserved 1048576K
}
Event: 2,916 GC heap after
{Heap after GC invocations=5 (full 0):
 garbage-first heap   total 258048K, used 23980K [0x0000000707800000, 0x0000000800000000)
  region size 1024K, 8 young (8192K), 8 survivors (8192K)
 Metaspace       used 34580K, capacity 35353K, committed 35840K, reserved 1081344K
  class space    used 4341K, capacity 4542K, committed 4608K, reserved 1048576K
}
Event: 4,010 GC heap before
{Heap before GC invocations=6 (full 0):
 garbage-first heap   total 258048K, used 61868K [0x0000000707800000, 0x0000000800000000)
  region size 1024K, 43 young (44032K), 8 survivors (8192K)
 Metaspace       used 44240K, capacity 45000K, committed 45568K, reserved 1089536K
  class space    used 5508K, capacity 5786K, committed 5888K, reserved 1048576K
}
Event: 4,021 GC heap after
{Heap after GC invocations=7 (full 0):
 garbage-first heap   total 321536K, used 28849K [0x0000000707800000, 0x0000000800000000)
  region size 1024K, 4 young (4096K), 4 survivors (4096K)
 Metaspace       used 44240K, capacity 45000K, committed 45568K, reserved 1089536K
  class space    used 5508K, capacity 5786K, committed 5888K, reserved 1048576K
}
Event: 6,236 GC heap before
{Heap before GC invocations=7 (full 0):
 garbage-first heap   total 321536K, used 131249K [0x0000000707800000, 0x0000000800000000)
  region size 1024K, 103 young (105472K), 4 survivors (4096K)
 Metaspace       used 51660K, capacity 52422K, committed 52992K, reserved 1095680K
  class space    used 6238K, capacity 6545K, committed 6656K, reserved 1048576K
}
Event: 6,248 GC heap after
{Heap after GC invocations=8 (full 0):
 garbage-first heap   total 321536K, used 41528K [0x0000000707800000, 0x0000000800000000)
  region size 1024K, 13 young (13312K), 13 survivors (13312K)
 Metaspace       used 51660K, capacity 52422K, committed 52992K, reserved 1095680K
  class space    used 6238K, capacity 6545K, committed 6656K, reserved 1048576K
}

